Using pre-set license
Built from '6000.0/staging' branch; Version is '6000.0.30f1 (62b05ba0686a) revision 6467675'; Using compiler version '193933523'; Build Type 'Release'
OS: 'Windows 10  (10.0.19045) 64bit Professional' Language: 'es' Physical Memory: 16317 MB
BatchMode: 1, IsHumanControllingUs: 0, StartBugReporterOnCrash: 0, Is64bit: 1, IsPro: 1

COMMAND LINE ARGUMENTS:
C:\Program Files\Unity\Hub\Editor\6000.0.30f1\Editor\Unity.exe
-adb2
-batchMode
-noUpm
-name
AssetImportWorker0
-projectPath
C:/Users/LAB05-13/Documents/GitHub/Paper_Zelda
-logFile
Logs/AssetImportWorker0.log
-srvPort
51594
-job-worker-count
3
-background-job-worker-count
8
-asset-garbage-collectors
1
Successfully changed project path to: C:/Users/LAB05-13/Documents/GitHub/Paper_Zelda
C:/Users/LAB05-13/Documents/GitHub/Paper_Zelda
[UnityMemory] Configuration Parameters - Can be set up in boot.config
    "memorysetup-bucket-allocator-granularity=16"
    "memorysetup-bucket-allocator-bucket-count=8"
    "memorysetup-bucket-allocator-block-size=33554432"
    "memorysetup-bucket-allocator-block-count=8"
    "memorysetup-main-allocator-block-size=16777216"
    "memorysetup-thread-allocator-block-size=16777216"
    "memorysetup-gfx-main-allocator-block-size=16777216"
    "memorysetup-gfx-thread-allocator-block-size=16777216"
    "memorysetup-cache-allocator-block-size=4194304"
    "memorysetup-typetree-allocator-block-size=2097152"
    "memorysetup-profiler-bucket-allocator-granularity=16"
    "memorysetup-profiler-bucket-allocator-bucket-count=8"
    "memorysetup-profiler-bucket-allocator-block-size=33554432"
    "memorysetup-profiler-bucket-allocator-block-count=8"
    "memorysetup-profiler-allocator-block-size=16777216"
    "memorysetup-profiler-editor-allocator-block-size=1048576"
    "memorysetup-temp-allocator-size-main=16777216"
    "memorysetup-job-temp-allocator-block-size=2097152"
    "memorysetup-job-temp-allocator-block-size-background=1048576"
    "memorysetup-job-temp-allocator-reduction-small-platforms=262144"
    "memorysetup-allocator-temp-initial-block-size-main=262144"
    "memorysetup-allocator-temp-initial-block-size-worker=262144"
    "memorysetup-temp-allocator-size-background-worker=32768"
    "memorysetup-temp-allocator-size-job-worker=262144"
    "memorysetup-temp-allocator-size-preload-manager=33554432"
    "memorysetup-temp-allocator-size-nav-mesh-worker=65536"
    "memorysetup-temp-allocator-size-audio-worker=65536"
    "memorysetup-temp-allocator-size-cloud-worker=32768"
    "memorysetup-temp-allocator-size-gi-baking-worker=262144"
    "memorysetup-temp-allocator-size-gi-baking-worker=262144"
    "memorysetup-temp-allocator-size-gi-baking-worker=262144"
    "memorysetup-temp-allocator-size-gi-baking-worker=262144"
    "memorysetup-temp-allocator-size-gi-baking-worker=262144"
    "memorysetup-temp-allocator-size-gfx=262144"
Player connection [7884]  Target information:

Player connection [7884]  * "[IP] 100.0.0.174 [Port] 0 [Flags] 2 [Guid] 3313953885 [EditorId] 3313953885 [Version] 1048832 [Id] WindowsEditor(7,LAB05-13) [Debug] 1 [PackageName] WindowsEditor [ProjectName] Editor" 

Player connection [7884] Host joined multi-casting on [225.0.0.222:54997]...
Player connection [7884] Host joined alternative multi-casting on [225.0.0.222:34997]...
JobSystem: Creating JobQueue using job-worker-count value 3
[Physics::Module] Initialized fallback backend.
[Physics::Module] Id: 0xdecafbad
Library Redirect Path: Library/
[Physics::Module] Selected backend.
[Physics::Module] Name: PhysX
[Physics::Module] Id: 0xf2b8ea05
[Physics::Module] SDK Version: 4.1.2
[Physics::Module] Integration Version: 1.0.0
[Physics::Module] Threading Mode: Multi-Threaded
Refreshing native plugins compatible for Editor in 8.87 ms, found 10 plugins.
Preloading 1 native plugins for Editor in 0.98 ms.
Initialize engine version: 6000.0.30f1 (62b05ba0686a)
[Subsystems] Discovering subsystems at path C:/Program Files/Unity/Hub/Editor/6000.0.30f1/Editor/Data/Resources/UnitySubsystems
[Subsystems] Discovering subsystems at path C:/Users/LAB05-13/Documents/GitHub/Paper_Zelda/Assets
GfxDevice: creating device client; kGfxThreadingModeNonThreaded
Direct3D:
    Version:  Direct3D 11.0 [level 11.1]
    Renderer: NVIDIA GeForce GTX 1650 (ID=0x1f82)
    Vendor:   NVIDIA
    VRAM:     3949 MB
    Driver:   31.0.15.3623
Initialize mono
Mono path[0] = 'C:/Program Files/Unity/Hub/Editor/6000.0.30f1/Editor/Data/Managed'
Mono path[1] = 'C:/Program Files/Unity/Hub/Editor/6000.0.30f1/Editor/Data/MonoBleedingEdge/lib/mono/unityjit-win32'
Mono config path = 'C:/Program Files/Unity/Hub/Editor/6000.0.30f1/Editor/Data/MonoBleedingEdge/etc'
Using monoOptions --debugger-agent=transport=dt_socket,embedding=1,server=y,suspend=n,address=127.0.0.1:56364
Begin MonoManager ReloadAssembly
Registering precompiled unity dll's ...
Register platform support module: C:/Program Files/Unity/Hub/Editor/6000.0.30f1/Editor/Data/PlaybackEngines/WindowsStandaloneSupport/UnityEditor.WindowsStandalone.Extensions.dll
Registered in 0.004420 seconds.
- Loaded All Assemblies, in  0.568 seconds
Native extension for WindowsStandalone target not found
Mono: successfully reloaded assembly
- Finished resetting the current domain, in  0.457 seconds
Domain Reload Profiling: 1020ms
	BeginReloadAssembly (200ms)
		ExecutionOrderSort (0ms)
		DisableScriptedObjects (0ms)
		BackupInstance (0ms)
		ReleaseScriptingObjects (0ms)
		CreateAndSetChildDomain (1ms)
	RebuildCommonClasses (53ms)
	RebuildNativeTypeToScriptingClass (18ms)
	initialDomainReloadingComplete (70ms)
	LoadAllAssembliesAndSetupDomain (222ms)
		LoadAssemblies (196ms)
		RebuildTransferFunctionScriptingTraits (0ms)
		AnalyzeDomain (218ms)
			TypeCache.Refresh (216ms)
				TypeCache.ScanAssembly (197ms)
			BuildScriptInfoCaches (0ms)
			ResolveRequiredComponents (1ms)
	FinalizeReload (457ms)
		ReleaseScriptCaches (0ms)
		RebuildScriptCaches (0ms)
		SetupLoadedEditorAssemblies (389ms)
			LogAssemblyErrors (0ms)
			InitializePlatformSupportModulesInManaged (38ms)
			SetLoadedEditorAssemblies (6ms)
			BeforeProcessingInitializeOnLoad (73ms)
			ProcessInitializeOnLoadAttributes (200ms)
			ProcessInitializeOnLoadMethodAttributes (72ms)
			AfterProcessingInitializeOnLoad (0ms)
			EditorAssembliesLoaded (0ms)
		ExecutionOrderSort2 (0ms)
		AwakeInstancesAfterBackupRestoration (0ms)
========================================================================
Worker process is ready to serve import requests
Import Worker Mode flag is 0x00
Begin MonoManager ReloadAssembly
- Loaded All Assemblies, in  1.379 seconds
Refreshing native plugins compatible for Editor in 6.37 ms, found 10 plugins.
Native extension for WindowsStandalone target not found
[MODES] ModeService[none].Initialize
[MODES] ModeService[none].LoadModes
[MODES] Loading mode Default (0) for mode-current-id-Lost Souls
Mono: successfully reloaded assembly
- Finished resetting the current domain, in  1.275 seconds
Domain Reload Profiling: 2644ms
	BeginReloadAssembly (256ms)
		ExecutionOrderSort (0ms)
		DisableScriptedObjects (9ms)
		BackupInstance (0ms)
		ReleaseScriptingObjects (0ms)
		CreateAndSetChildDomain (41ms)
	RebuildCommonClasses (55ms)
	RebuildNativeTypeToScriptingClass (18ms)
	initialDomainReloadingComplete (60ms)
	LoadAllAssembliesAndSetupDomain (980ms)
		LoadAssemblies (638ms)
		RebuildTransferFunctionScriptingTraits (0ms)
		AnalyzeDomain (502ms)
			TypeCache.Refresh (326ms)
				TypeCache.ScanAssembly (294ms)
			BuildScriptInfoCaches (152ms)
			ResolveRequiredComponents (20ms)
	FinalizeReload (1275ms)
		ReleaseScriptCaches (0ms)
		RebuildScriptCaches (0ms)
		SetupLoadedEditorAssemblies (1067ms)
			LogAssemblyErrors (0ms)
			InitializePlatformSupportModulesInManaged (3ms)
			SetLoadedEditorAssemblies (7ms)
			BeforeProcessingInitializeOnLoad (177ms)
			ProcessInitializeOnLoadAttributes (672ms)
			ProcessInitializeOnLoadMethodAttributes (199ms)
			AfterProcessingInitializeOnLoad (8ms)
			EditorAssembliesLoaded (1ms)
		ExecutionOrderSort2 (0ms)
		AwakeInstancesAfterBackupRestoration (8ms)
Launched and connected shader compiler UnityShaderCompiler.exe after 0.03 seconds
Refreshing native plugins compatible for Editor in 13.78 ms, found 10 plugins.
Preloading 1 native plugins for Editor in 0.15 ms.
Unloading 314 Unused Serialized files (Serialized files now loaded: 0)
Unloading 7918 unused Assets / (9.5 MB). Loaded Objects now: 8675.
Memory consumption went from 211.5 MB to 202.0 MB.
Total: 39.371100 ms (FindLiveObjects: 3.023700 ms CreateObjectMapping: 5.268300 ms MarkObjects: 14.709700 ms  DeleteObjects: 16.364700 ms)

========================================================================
Received Import Request.
  Time since last request: 1026.183147 seconds.
  path: Assets/Juego/Cube (1).prefab
  artifactKey: Guid(4726693d402c24048ac61bf2390ff1e5) Importer(815301076,1909f56bfc062723c751e8b465ee728b)
Start importing Assets/Juego/Cube (1).prefab using Guid(4726693d402c24048ac61bf2390ff1e5) Importer(815301076,1909f56bfc062723c751e8b465ee728b) (PreviewImporter) -> (artifact id: '2c6311ae2f53b5e3856176468c060b98') in 11.0528879 seconds
Number of updated asset objects reloaded before import = 0Number of asset objects unloaded after import = 9

========================================================================
Received Prepare
Begin MonoManager ReloadAssembly
- Loaded All Assemblies, in  1.069 seconds
Refreshing native plugins compatible for Editor in 5.56 ms, found 10 plugins.
Native extension for WindowsStandalone target not found
[MODES] ModeService[none].Initialize
[MODES] ModeService[none].LoadModes
Mono: successfully reloaded assembly
- Finished resetting the current domain, in  1.277 seconds
Domain Reload Profiling: 2342ms
	BeginReloadAssembly (290ms)
		ExecutionOrderSort (0ms)
		DisableScriptedObjects (36ms)
		BackupInstance (0ms)
		ReleaseScriptingObjects (0ms)
		CreateAndSetChildDomain (70ms)
	RebuildCommonClasses (47ms)
	RebuildNativeTypeToScriptingClass (19ms)
	initialDomainReloadingComplete (35ms)
	LoadAllAssembliesAndSetupDomain (674ms)
		LoadAssemblies (479ms)
		RebuildTransferFunctionScriptingTraits (0ms)
		AnalyzeDomain (319ms)
			TypeCache.Refresh (10ms)
				TypeCache.ScanAssembly (0ms)
			BuildScriptInfoCaches (286ms)
			ResolveRequiredComponents (17ms)
	FinalizeReload (1277ms)
		ReleaseScriptCaches (0ms)
		RebuildScriptCaches (0ms)
		SetupLoadedEditorAssemblies (1013ms)
			LogAssemblyErrors (0ms)
			InitializePlatformSupportModulesInManaged (3ms)
			SetLoadedEditorAssemblies (6ms)
			BeforeProcessingInitializeOnLoad (173ms)
			ProcessInitializeOnLoadAttributes (666ms)
			ProcessInitializeOnLoadMethodAttributes (157ms)
			AfterProcessingInitializeOnLoad (8ms)
			EditorAssembliesLoaded (0ms)
		ExecutionOrderSort2 (0ms)
		AwakeInstancesAfterBackupRestoration (19ms)
Refreshing native plugins compatible for Editor in 6.76 ms, found 10 plugins.
Preloading 1 native plugins for Editor in 0.09 ms.
Unloading 30 Unused Serialized files (Serialized files now loaded: 0)
Unloading 7917 unused Assets / (7.4 MB). Loaded Objects now: 8711.
Memory consumption went from 171.1 MB to 163.7 MB.
Total: 15.469000 ms (FindLiveObjects: 1.552400 ms CreateObjectMapping: 1.965600 ms MarkObjects: 7.124000 ms  DeleteObjects: 4.826300 ms)

Prepare: number of updated asset objects reloaded= 0
========================================================================
Received Prepare
Begin MonoManager ReloadAssembly
- Loaded All Assemblies, in  0.992 seconds
Refreshing native plugins compatible for Editor in 5.08 ms, found 10 plugins.
Native extension for WindowsStandalone target not found
[MODES] ModeService[none].Initialize
[MODES] ModeService[none].LoadModes
Mono: successfully reloaded assembly
- Finished resetting the current domain, in  1.087 seconds
Domain Reload Profiling: 2075ms
	BeginReloadAssembly (259ms)
		ExecutionOrderSort (0ms)
		DisableScriptedObjects (17ms)
		BackupInstance (0ms)
		ReleaseScriptingObjects (0ms)
		CreateAndSetChildDomain (64ms)
	RebuildCommonClasses (41ms)
	RebuildNativeTypeToScriptingClass (16ms)
	initialDomainReloadingComplete (32ms)
	LoadAllAssembliesAndSetupDomain (640ms)
		LoadAssemblies (463ms)
		RebuildTransferFunctionScriptingTraits (0ms)
		AnalyzeDomain (300ms)
			TypeCache.Refresh (10ms)
				TypeCache.ScanAssembly (0ms)
			BuildScriptInfoCaches (270ms)
			ResolveRequiredComponents (16ms)
	FinalizeReload (1087ms)
		ReleaseScriptCaches (0ms)
		RebuildScriptCaches (0ms)
		SetupLoadedEditorAssemblies (829ms)
			LogAssemblyErrors (0ms)
			InitializePlatformSupportModulesInManaged (3ms)
			SetLoadedEditorAssemblies (7ms)
			BeforeProcessingInitializeOnLoad (167ms)
			ProcessInitializeOnLoadAttributes (536ms)
			ProcessInitializeOnLoadMethodAttributes (110ms)
			AfterProcessingInitializeOnLoad (6ms)
			EditorAssembliesLoaded (0ms)
		ExecutionOrderSort2 (0ms)
		AwakeInstancesAfterBackupRestoration (14ms)
Refreshing native plugins compatible for Editor in 5.40 ms, found 10 plugins.
Preloading 1 native plugins for Editor in 0.06 ms.
Unloading 30 Unused Serialized files (Serialized files now loaded: 0)
Unloading 7916 unused Assets / (7.8 MB). Loaded Objects now: 8713.
Memory consumption went from 171.1 MB to 163.3 MB.
Total: 11.838600 ms (FindLiveObjects: 1.069000 ms CreateObjectMapping: 1.586200 ms MarkObjects: 5.102400 ms  DeleteObjects: 4.079400 ms)

Prepare: number of updated asset objects reloaded= 2
========================================================================
Received Prepare
Begin MonoManager ReloadAssembly
- Loaded All Assemblies, in  0.957 seconds
Refreshing native plugins compatible for Editor in 5.52 ms, found 10 plugins.
Native extension for WindowsStandalone target not found
[MODES] ModeService[none].Initialize
[MODES] ModeService[none].LoadModes
Mono: successfully reloaded assembly
- Finished resetting the current domain, in  1.052 seconds
Domain Reload Profiling: 2005ms
	BeginReloadAssembly (242ms)
		ExecutionOrderSort (0ms)
		DisableScriptedObjects (17ms)
		BackupInstance (0ms)
		ReleaseScriptingObjects (0ms)
		CreateAndSetChildDomain (58ms)
	RebuildCommonClasses (41ms)
	RebuildNativeTypeToScriptingClass (15ms)
	initialDomainReloadingComplete (34ms)
	LoadAllAssembliesAndSetupDomain (621ms)
		LoadAssemblies (446ms)
		RebuildTransferFunctionScriptingTraits (0ms)
		AnalyzeDomain (290ms)
			TypeCache.Refresh (10ms)
				TypeCache.ScanAssembly (0ms)
			BuildScriptInfoCaches (260ms)
			ResolveRequiredComponents (16ms)
	FinalizeReload (1053ms)
		ReleaseScriptCaches (0ms)
		RebuildScriptCaches (0ms)
		SetupLoadedEditorAssemblies (803ms)
			LogAssemblyErrors (0ms)
			InitializePlatformSupportModulesInManaged (3ms)
			SetLoadedEditorAssemblies (6ms)
			BeforeProcessingInitializeOnLoad (172ms)
			ProcessInitializeOnLoadAttributes (505ms)
			ProcessInitializeOnLoadMethodAttributes (110ms)
			AfterProcessingInitializeOnLoad (6ms)
			EditorAssembliesLoaded (0ms)
		ExecutionOrderSort2 (0ms)
		AwakeInstancesAfterBackupRestoration (13ms)
Refreshing native plugins compatible for Editor in 5.71 ms, found 10 plugins.
Preloading 1 native plugins for Editor in 0.08 ms.
Unloading 30 Unused Serialized files (Serialized files now loaded: 0)
Unloading 7916 unused Assets / (7.7 MB). Loaded Objects now: 8715.
Memory consumption went from 171.0 MB to 163.4 MB.
Total: 12.891600 ms (FindLiveObjects: 1.087100 ms CreateObjectMapping: 1.907600 ms MarkObjects: 5.257400 ms  DeleteObjects: 4.638800 ms)

Prepare: number of updated asset objects reloaded= 0
========================================================================
Received Import Request.
  Time since last request: 288.791717 seconds.
  path: Assets/Juego/Agua.prefab
  artifactKey: Guid(220848270002620448db335e0d5331d8) Importer(815301076,1909f56bfc062723c751e8b465ee728b)
Start importing Assets/Juego/Agua.prefab using Guid(220848270002620448db335e0d5331d8) Importer(815301076,1909f56bfc062723c751e8b465ee728b) (PreviewImporter) -> (artifact id: '1cdd2712b7836f9545c150c1710b182c') in 0.5615679 seconds
Number of updated asset objects reloaded before import = 0Number of asset objects unloaded after import = 80

========================================================================
Received Import Request.
  Time since last request: 0.000030 seconds.
  path: Assets/Juego/Mar.png
  artifactKey: Guid(46950b7c79e4d2f41b90795a82ead3e2) Importer(815301076,1909f56bfc062723c751e8b465ee728b)
Start importing Assets/Juego/Mar.png using Guid(46950b7c79e4d2f41b90795a82ead3e2) Importer(815301076,1909f56bfc062723c751e8b465ee728b) (PreviewImporter) -> (artifact id: 'ee571bd21d63e7c10d2e2166f0ef02cf') in 0.0174508 seconds
Number of updated asset objects reloaded before import = 0Number of asset objects unloaded after import = 2

========================================================================
Received Import Request.
  Time since last request: 0.000046 seconds.
  path: Assets/Juego/OrillaArriba.png
  artifactKey: Guid(51f3a46ef3e2e9d45b662522d3aaa5f3) Importer(815301076,1909f56bfc062723c751e8b465ee728b)
Start importing Assets/Juego/OrillaArriba.png using Guid(51f3a46ef3e2e9d45b662522d3aaa5f3) Importer(815301076,1909f56bfc062723c751e8b465ee728b) (PreviewImporter) -> (artifact id: 'c31c9316a3c5a0725f062444cb1bea81') in 0.0102432 seconds
Number of updated asset objects reloaded before import = 0Number of asset objects unloaded after import = 2

========================================================================
Received Import Request.
  Time since last request: 0.000037 seconds.
  path: Assets/Juego/OrillaEsquinaDerecha.prefab
  artifactKey: Guid(6f7088ebb745f3242bad6bf29819de87) Importer(815301076,1909f56bfc062723c751e8b465ee728b)
Start importing Assets/Juego/OrillaEsquinaDerecha.prefab using Guid(6f7088ebb745f3242bad6bf29819de87) Importer(815301076,1909f56bfc062723c751e8b465ee728b) (PreviewImporter) -> (artifact id: '31340f90ba12e646da0c2fdefaa159da') in 0.0122836 seconds
Number of updated asset objects reloaded before import = 0Number of asset objects unloaded after import = 9

========================================================================
Received Import Request.
  Time since last request: 0.000047 seconds.
  path: Assets/Juego/OrillaEzquinaDerecha.png
  artifactKey: Guid(2290b33d6a8053d4585e84d234ba3a61) Importer(815301076,1909f56bfc062723c751e8b465ee728b)
Start importing Assets/Juego/OrillaEzquinaDerecha.png using Guid(2290b33d6a8053d4585e84d234ba3a61) Importer(815301076,1909f56bfc062723c751e8b465ee728b) (PreviewImporter) -> (artifact id: 'e7e4ec6d4c6f9474e122db5baecad895') in 0.0112307 seconds
Number of updated asset objects reloaded before import = 0Number of asset objects unloaded after import = 2

========================================================================
Received Import Request.
  Time since last request: 0.000027 seconds.
  path: Assets/Juego/Mar.prefab
  artifactKey: Guid(43ce4793dd971354dbe3107113c46647) Importer(815301076,1909f56bfc062723c751e8b465ee728b)
Start importing Assets/Juego/Mar.prefab using Guid(43ce4793dd971354dbe3107113c46647) Importer(815301076,1909f56bfc062723c751e8b465ee728b) (PreviewImporter) -> (artifact id: '5a10b49bb27a2b94789001b2a0a2f1f1') in 0.0113639 seconds
Number of updated asset objects reloaded before import = 0Number of asset objects unloaded after import = 9

========================================================================
Received Import Request.
  Time since last request: 0.000034 seconds.
  path: Assets/Juego/Bosque.prefab
  artifactKey: Guid(d418c442e47636744a1a2e23eb7dbbe7) Importer(815301076,1909f56bfc062723c751e8b465ee728b)
Start importing Assets/Juego/Bosque.prefab using Guid(d418c442e47636744a1a2e23eb7dbbe7) Importer(815301076,1909f56bfc062723c751e8b465ee728b) (PreviewImporter) -> (artifact id: '19a91e0abffefdec353de9178f574ee1') in 4.2306253 seconds
Number of updated asset objects reloaded before import = 0Number of asset objects unloaded after import = 9

========================================================================
Received Import Request.
  Time since last request: 0.000025 seconds.
  path: Assets/Juego/OrillaIzquierda.png
  artifactKey: Guid(17ee92cbed7cfaf4f9605a12e0b1d9d2) Importer(815301076,1909f56bfc062723c751e8b465ee728b)
Start importing Assets/Juego/OrillaIzquierda.png using Guid(17ee92cbed7cfaf4f9605a12e0b1d9d2) Importer(815301076,1909f56bfc062723c751e8b465ee728b) (PreviewImporter) -> (artifact id: '52fe8d5828c4805b32d3a14038f45e69') in 0.0090997 seconds
Number of updated asset objects reloaded before import = 0Number of asset objects unloaded after import = 2

========================================================================
Received Import Request.
  Time since last request: 0.000035 seconds.
  path: Assets/Juego/Caida.prefab
  artifactKey: Guid(c4d24b2194079444b92e899e0e439fc2) Importer(815301076,1909f56bfc062723c751e8b465ee728b)
Start importing Assets/Juego/Caida.prefab using Guid(c4d24b2194079444b92e899e0e439fc2) Importer(815301076,1909f56bfc062723c751e8b465ee728b) (PreviewImporter) -> (artifact id: 'a81afe2ac582fb92bb0683b5ede3d286') in 0.0083693 seconds
Number of updated asset objects reloaded before import = 0Number of asset objects unloaded after import = 10

========================================================================
Received Import Request.
  Time since last request: 0.000029 seconds.
  path: Assets/Juego/OrillaDerecha.png
  artifactKey: Guid(1fc45eea47d11094f9e4629b949f185c) Importer(815301076,1909f56bfc062723c751e8b465ee728b)
Start importing Assets/Juego/OrillaDerecha.png using Guid(1fc45eea47d11094f9e4629b949f185c) Importer(815301076,1909f56bfc062723c751e8b465ee728b) (PreviewImporter) -> (artifact id: 'aa46cc34535e7c06d7b27cec19b48572') in 0.0078319 seconds
Number of updated asset objects reloaded before import = 0Number of asset objects unloaded after import = 2

========================================================================
Received Import Request.
  Time since last request: 0.000025 seconds.
  path: Assets/Juego/orillaArriba.prefab
  artifactKey: Guid(8c651aed8cc44104486fe5dccd5568b5) Importer(815301076,1909f56bfc062723c751e8b465ee728b)
Start importing Assets/Juego/orillaArriba.prefab using Guid(8c651aed8cc44104486fe5dccd5568b5) Importer(815301076,1909f56bfc062723c751e8b465ee728b) (PreviewImporter) -> (artifact id: 'f2a808ed603cdbc15e0aeeccbf180ecf') in 0.0096931 seconds
Number of updated asset objects reloaded before import = 0Number of asset objects unloaded after import = 9

========================================================================
Received Import Request.
  Time since last request: 0.000025 seconds.
  path: Assets/Juego/Templo Fuego.obj
  artifactKey: Guid(4bc0863ad976d6444ba7c838596d337f) Importer(815301076,1909f56bfc062723c751e8b465ee728b)
Start importing Assets/Juego/Templo Fuego.obj using Guid(4bc0863ad976d6444ba7c838596d337f) Importer(815301076,1909f56bfc062723c751e8b465ee728b) (PreviewImporter) -> (artifact id: 'e8fa016c01b46e45339bc2ccdb789998') in 0.2388367 seconds
Number of updated asset objects reloaded before import = 0Number of asset objects unloaded after import = 11

========================================================================
Received Import Request.
  Time since last request: 0.000031 seconds.
  path: Assets/Juego/Scrips/NoDestruible.cs
  artifactKey: Guid(7d14f20b09f1a074c841338c8235bfd8) Importer(815301076,1909f56bfc062723c751e8b465ee728b)
Start importing Assets/Juego/Scrips/NoDestruible.cs using Guid(7d14f20b09f1a074c841338c8235bfd8) Importer(815301076,1909f56bfc062723c751e8b465ee728b) (PreviewImporter) -> (artifact id: '11d905324b8098c737126a9128d654ea') in 0.0007526 seconds
Number of updated asset objects reloaded before import = 0Number of asset objects unloaded after import = 0

========================================================================
Received Import Request.
  Time since last request: 0.000033 seconds.
  path: Assets/Juego/OrillaEzquinaIzquierda.prefab
  artifactKey: Guid(605fc73100d2b3d48a9db3164f1d831b) Importer(815301076,1909f56bfc062723c751e8b465ee728b)
Start importing Assets/Juego/OrillaEzquinaIzquierda.prefab using Guid(605fc73100d2b3d48a9db3164f1d831b) Importer(815301076,1909f56bfc062723c751e8b465ee728b) (PreviewImporter) -> (artifact id: '9576e5c56ba1943a00dc5a169a143c44') in 0.0102356 seconds
Number of updated asset objects reloaded before import = 0Number of asset objects unloaded after import = 9

========================================================================
Received Import Request.
  Time since last request: 0.917396 seconds.
  path: Assets/Juego/Scrips/SaveTest.cs
  artifactKey: Guid(8a305b8123ce10c4489b09851e697756) Importer(815301076,1909f56bfc062723c751e8b465ee728b)
Start importing Assets/Juego/Scrips/SaveTest.cs using Guid(8a305b8123ce10c4489b09851e697756) Importer(815301076,1909f56bfc062723c751e8b465ee728b) (PreviewImporter) -> (artifact id: '1377f2628767b39c7f4023b55d5a1959') in 0.0007499 seconds
Number of updated asset objects reloaded before import = 0Number of asset objects unloaded after import = 0

========================================================================
Received Import Request.
  Time since last request: 0.278115 seconds.
  path: Assets/Juego/Scrips/SpriteOrderInLayerZ.cs
  artifactKey: Guid(851d71bb5a1fda34f83e362b8b8fba15) Importer(815301076,1909f56bfc062723c751e8b465ee728b)
Start importing Assets/Juego/Scrips/SpriteOrderInLayerZ.cs using Guid(851d71bb5a1fda34f83e362b8b8fba15) Importer(815301076,1909f56bfc062723c751e8b465ee728b) (PreviewImporter) -> (artifact id: '465b90c6f656bc8f67c6056705293e31') in 0.0010033 seconds
Number of updated asset objects reloaded before import = 0Number of asset objects unloaded after import = 0

========================================================================
Received Import Request.
  Time since last request: 4.069447 seconds.
  path: Assets/Juego/Scrips/SaveLoad
  artifactKey: Guid(95e7bcf9633d5584998dcd5da7fc11fa) Importer(815301076,1909f56bfc062723c751e8b465ee728b)
Start importing Assets/Juego/Scrips/SaveLoad using Guid(95e7bcf9633d5584998dcd5da7fc11fa) Importer(815301076,1909f56bfc062723c751e8b465ee728b) (PreviewImporter) -> (artifact id: 'ebd8f89b3bba50cc4c8f6cfb4aa199ec') in 0.0006165 seconds
Number of updated asset objects reloaded before import = 0Number of asset objects unloaded after import = 0

========================================================================
Received Import Request.
  Time since last request: 0.774888 seconds.
  path: Assets/Juego/Scrips/SaveLoad/Data
  artifactKey: Guid(08ac75e7e9d6d6a43b01a916da4387dc) Importer(815301076,1909f56bfc062723c751e8b465ee728b)
Start importing Assets/Juego/Scrips/SaveLoad/Data using Guid(08ac75e7e9d6d6a43b01a916da4387dc) Importer(815301076,1909f56bfc062723c751e8b465ee728b) (PreviewImporter) -> (artifact id: '3a0fdb08e05a3357e1b7184c9fcf9ea8') in 0.0006473 seconds
Number of updated asset objects reloaded before import = 0Number of asset objects unloaded after import = 0

========================================================================
Received Import Request.
  Time since last request: 0.370686 seconds.
  path: Assets/Juego/Scrips/SaveLoad/Save.cs
  artifactKey: Guid(ee287b6f2988b0f4e940326b087622c6) Importer(815301076,1909f56bfc062723c751e8b465ee728b)
Start importing Assets/Juego/Scrips/SaveLoad/Save.cs using Guid(ee287b6f2988b0f4e940326b087622c6) Importer(815301076,1909f56bfc062723c751e8b465ee728b) (PreviewImporter) -> (artifact id: '4ee9748441f02e0c5b959637384c2ab5') in 0.0005949 seconds
Number of updated asset objects reloaded before import = 0Number of asset objects unloaded after import = 0

========================================================================
Received Import Request.
  Time since last request: 1.904296 seconds.
  path: Assets/Juego/Scrips/SaveLoad/SerializableDictionary.cs
  artifactKey: Guid(e3ec6612ca51f8547b197a9737f110ec) Importer(815301076,1909f56bfc062723c751e8b465ee728b)
Start importing Assets/Juego/Scrips/SaveLoad/SerializableDictionary.cs using Guid(e3ec6612ca51f8547b197a9737f110ec) Importer(815301076,1909f56bfc062723c751e8b465ee728b) (PreviewImporter) -> (artifact id: '1204f7ba0c966802a65f3cad3aceb2ec') in 0.0006356 seconds
Number of updated asset objects reloaded before import = 0Number of asset objects unloaded after import = 0

========================================================================
Received Import Request.
  Time since last request: 1.000089 seconds.
  path: Assets/Juego/Scrips/SaveLoad/StaticSaveLoad.cs
  artifactKey: Guid(443465a338019cb4ca09634c093afade) Importer(815301076,1909f56bfc062723c751e8b465ee728b)
Start importing Assets/Juego/Scrips/SaveLoad/StaticSaveLoad.cs using Guid(443465a338019cb4ca09634c093afade) Importer(815301076,1909f56bfc062723c751e8b465ee728b) (PreviewImporter) -> (artifact id: '653794a0f290ade2b699c3c342ab8890') in 0.0006347 seconds
Number of updated asset objects reloaded before import = 0Number of asset objects unloaded after import = 0

========================================================================
Received Prepare
Begin MonoManager ReloadAssembly
- Loaded All Assemblies, in  1.016 seconds
Refreshing native plugins compatible for Editor in 5.42 ms, found 10 plugins.
Native extension for WindowsStandalone target not found
[MODES] ModeService[none].Initialize
[MODES] ModeService[none].LoadModes
Mono: successfully reloaded assembly
- Finished resetting the current domain, in  1.126 seconds
Domain Reload Profiling: 2138ms
	BeginReloadAssembly (268ms)
		ExecutionOrderSort (0ms)
		DisableScriptedObjects (30ms)
		BackupInstance (0ms)
		ReleaseScriptingObjects (0ms)
		CreateAndSetChildDomain (69ms)
	RebuildCommonClasses (44ms)
	RebuildNativeTypeToScriptingClass (17ms)
	initialDomainReloadingComplete (34ms)
	LoadAllAssembliesAndSetupDomain (648ms)
		LoadAssemblies (456ms)
		RebuildTransferFunctionScriptingTraits (0ms)
		AnalyzeDomain (309ms)
			TypeCache.Refresh (10ms)
				TypeCache.ScanAssembly (0ms)
			BuildScriptInfoCaches (278ms)
			ResolveRequiredComponents (17ms)
	FinalizeReload (1126ms)
		ReleaseScriptCaches (0ms)
		RebuildScriptCaches (0ms)
		SetupLoadedEditorAssemblies (878ms)
			LogAssemblyErrors (0ms)
			InitializePlatformSupportModulesInManaged (2ms)
			SetLoadedEditorAssemblies (7ms)
			BeforeProcessingInitializeOnLoad (166ms)
			ProcessInitializeOnLoadAttributes (570ms)
			ProcessInitializeOnLoadMethodAttributes (125ms)
			AfterProcessingInitializeOnLoad (7ms)
			EditorAssembliesLoaded (0ms)
		ExecutionOrderSort2 (0ms)
		AwakeInstancesAfterBackupRestoration (16ms)
Refreshing native plugins compatible for Editor in 6.85 ms, found 10 plugins.
Preloading 1 native plugins for Editor in 0.06 ms.
Unloading 30 Unused Serialized files (Serialized files now loaded: 0)
Unloading 7917 unused Assets / (7.6 MB). Loaded Objects now: 8742.
Memory consumption went from 175.6 MB to 168.0 MB.
Total: 13.244900 ms (FindLiveObjects: 1.060800 ms CreateObjectMapping: 1.523800 ms MarkObjects: 5.973800 ms  DeleteObjects: 4.685500 ms)

Prepare: number of updated asset objects reloaded= 0
========================================================================
Received Prepare
Begin MonoManager ReloadAssembly
- Loaded All Assemblies, in  0.985 seconds
Refreshing native plugins compatible for Editor in 6.32 ms, found 10 plugins.
Native extension for WindowsStandalone target not found
[MODES] ModeService[none].Initialize
[MODES] ModeService[none].LoadModes
Mono: successfully reloaded assembly
- Finished resetting the current domain, in  1.121 seconds
Domain Reload Profiling: 2103ms
	BeginReloadAssembly (244ms)
		ExecutionOrderSort (0ms)
		DisableScriptedObjects (17ms)
		BackupInstance (0ms)
		ReleaseScriptingObjects (0ms)
		CreateAndSetChildDomain (58ms)
	RebuildCommonClasses (41ms)
	RebuildNativeTypeToScriptingClass (16ms)
	initialDomainReloadingComplete (33ms)
	LoadAllAssembliesAndSetupDomain (646ms)
		LoadAssemblies (453ms)
		RebuildTransferFunctionScriptingTraits (0ms)
		AnalyzeDomain (307ms)
			TypeCache.Refresh (10ms)
				TypeCache.ScanAssembly (0ms)
			BuildScriptInfoCaches (277ms)
			ResolveRequiredComponents (16ms)
	FinalizeReload (1122ms)
		ReleaseScriptCaches (0ms)
		RebuildScriptCaches (0ms)
		SetupLoadedEditorAssemblies (865ms)
			LogAssemblyErrors (0ms)
			InitializePlatformSupportModulesInManaged (2ms)
			SetLoadedEditorAssemblies (6ms)
			BeforeProcessingInitializeOnLoad (166ms)
			ProcessInitializeOnLoadAttributes (562ms)
			ProcessInitializeOnLoadMethodAttributes (121ms)
			AfterProcessingInitializeOnLoad (7ms)
			EditorAssembliesLoaded (0ms)
		ExecutionOrderSort2 (0ms)
		AwakeInstancesAfterBackupRestoration (14ms)
Refreshing native plugins compatible for Editor in 6.29 ms, found 10 plugins.
Preloading 1 native plugins for Editor in 0.07 ms.
Unloading 30 Unused Serialized files (Serialized files now loaded: 0)
Unloading 7916 unused Assets / (7.8 MB). Loaded Objects now: 8744.
Memory consumption went from 175.5 MB to 167.7 MB.
Total: 13.993800 ms (FindLiveObjects: 1.077800 ms CreateObjectMapping: 1.651600 ms MarkObjects: 6.258600 ms  DeleteObjects: 5.004700 ms)

Prepare: number of updated asset objects reloaded= 0
========================================================================
Received Prepare
Begin MonoManager ReloadAssembly
- Loaded All Assemblies, in  0.971 seconds
Refreshing native plugins compatible for Editor in 5.84 ms, found 10 plugins.
Native extension for WindowsStandalone target not found
[MODES] ModeService[none].Initialize
[MODES] ModeService[none].LoadModes
Mono: successfully reloaded assembly
- Finished resetting the current domain, in  1.094 seconds
Domain Reload Profiling: 2061ms
	BeginReloadAssembly (248ms)
		ExecutionOrderSort (0ms)
		DisableScriptedObjects (15ms)
		BackupInstance (0ms)
		ReleaseScriptingObjects (0ms)
		CreateAndSetChildDomain (59ms)
	RebuildCommonClasses (41ms)
	RebuildNativeTypeToScriptingClass (16ms)
	initialDomainReloadingComplete (32ms)
	LoadAllAssembliesAndSetupDomain (629ms)
		LoadAssemblies (442ms)
		RebuildTransferFunctionScriptingTraits (0ms)
		AnalyzeDomain (304ms)
			TypeCache.Refresh (10ms)
				TypeCache.ScanAssembly (0ms)
			BuildScriptInfoCaches (274ms)
			ResolveRequiredComponents (16ms)
	FinalizeReload (1094ms)
		ReleaseScriptCaches (0ms)
		RebuildScriptCaches (0ms)
		SetupLoadedEditorAssemblies (841ms)
			LogAssemblyErrors (0ms)
			InitializePlatformSupportModulesInManaged (4ms)
			SetLoadedEditorAssemblies (5ms)
			BeforeProcessingInitializeOnLoad (164ms)
			ProcessInitializeOnLoadAttributes (546ms)
			ProcessInitializeOnLoadMethodAttributes (115ms)
			AfterProcessingInitializeOnLoad (6ms)
			EditorAssembliesLoaded (0ms)
		ExecutionOrderSort2 (0ms)
		AwakeInstancesAfterBackupRestoration (15ms)
Refreshing native plugins compatible for Editor in 5.64 ms, found 10 plugins.
Preloading 1 native plugins for Editor in 0.06 ms.
Unloading 30 Unused Serialized files (Serialized files now loaded: 0)
Unloading 7916 unused Assets / (7.6 MB). Loaded Objects now: 8746.
Memory consumption went from 175.5 MB to 167.8 MB.
Total: 12.992400 ms (FindLiveObjects: 1.012700 ms CreateObjectMapping: 1.581700 ms MarkObjects: 5.696200 ms  DeleteObjects: 4.700900 ms)

Prepare: number of updated asset objects reloaded= 0
========================================================================
Received Prepare
Begin MonoManager ReloadAssembly
- Loaded All Assemblies, in  0.915 seconds
Refreshing native plugins compatible for Editor in 5.30 ms, found 10 plugins.
Native extension for WindowsStandalone target not found
[MODES] ModeService[none].Initialize
[MODES] ModeService[none].LoadModes
Mono: successfully reloaded assembly
- Finished resetting the current domain, in  1.019 seconds
Domain Reload Profiling: 1932ms
	BeginReloadAssembly (234ms)
		ExecutionOrderSort (0ms)
		DisableScriptedObjects (16ms)
		BackupInstance (0ms)
		ReleaseScriptingObjects (0ms)
		CreateAndSetChildDomain (56ms)
	RebuildCommonClasses (39ms)
	RebuildNativeTypeToScriptingClass (15ms)
	initialDomainReloadingComplete (31ms)
	LoadAllAssembliesAndSetupDomain (593ms)
		LoadAssemblies (412ms)
		RebuildTransferFunctionScriptingTraits (0ms)
		AnalyzeDomain (288ms)
			TypeCache.Refresh (11ms)
				TypeCache.ScanAssembly (0ms)
			BuildScriptInfoCaches (259ms)
			ResolveRequiredComponents (15ms)
	FinalizeReload (1020ms)
		ReleaseScriptCaches (0ms)
		RebuildScriptCaches (0ms)
		SetupLoadedEditorAssemblies (773ms)
			LogAssemblyErrors (0ms)
			InitializePlatformSupportModulesInManaged (3ms)
			SetLoadedEditorAssemblies (7ms)
			BeforeProcessingInitializeOnLoad (153ms)
			ProcessInitializeOnLoadAttributes (499ms)
			ProcessInitializeOnLoadMethodAttributes (104ms)
			AfterProcessingInitializeOnLoad (6ms)
			EditorAssembliesLoaded (0ms)
		ExecutionOrderSort2 (0ms)
		AwakeInstancesAfterBackupRestoration (13ms)
Refreshing native plugins compatible for Editor in 5.19 ms, found 10 plugins.
Preloading 1 native plugins for Editor in 0.06 ms.
Unloading 30 Unused Serialized files (Serialized files now loaded: 0)
Unloading 7916 unused Assets / (7.6 MB). Loaded Objects now: 8748.
Memory consumption went from 175.5 MB to 167.9 MB.
Total: 12.449500 ms (FindLiveObjects: 0.992900 ms CreateObjectMapping: 1.818300 ms MarkObjects: 5.231200 ms  DeleteObjects: 4.406400 ms)

Prepare: number of updated asset objects reloaded= 0
========================================================================
Received Prepare
Begin MonoManager ReloadAssembly
- Loaded All Assemblies, in  0.928 seconds
Refreshing native plugins compatible for Editor in 5.32 ms, found 10 plugins.
Native extension for WindowsStandalone target not found
[MODES] ModeService[none].Initialize
[MODES] ModeService[none].LoadModes
Mono: successfully reloaded assembly
- Finished resetting the current domain, in  1.022 seconds
Domain Reload Profiling: 1946ms
	BeginReloadAssembly (232ms)
		ExecutionOrderSort (0ms)
		DisableScriptedObjects (16ms)
		BackupInstance (0ms)
		ReleaseScriptingObjects (0ms)
		CreateAndSetChildDomain (57ms)
	RebuildCommonClasses (40ms)
	RebuildNativeTypeToScriptingClass (15ms)
	initialDomainReloadingComplete (31ms)
	LoadAllAssembliesAndSetupDomain (606ms)
		LoadAssemblies (423ms)
		RebuildTransferFunctionScriptingTraits (0ms)
		AnalyzeDomain (291ms)
			TypeCache.Refresh (10ms)
				TypeCache.ScanAssembly (0ms)
			BuildScriptInfoCaches (261ms)
			ResolveRequiredComponents (15ms)
	FinalizeReload (1022ms)
		ReleaseScriptCaches (0ms)
		RebuildScriptCaches (0ms)
		SetupLoadedEditorAssemblies (779ms)
			LogAssemblyErrors (0ms)
			InitializePlatformSupportModulesInManaged (3ms)
			SetLoadedEditorAssemblies (8ms)
			BeforeProcessingInitializeOnLoad (155ms)
			ProcessInitializeOnLoadAttributes (497ms)
			ProcessInitializeOnLoadMethodAttributes (109ms)
			AfterProcessingInitializeOnLoad (6ms)
			EditorAssembliesLoaded (0ms)
		ExecutionOrderSort2 (0ms)
		AwakeInstancesAfterBackupRestoration (13ms)
Refreshing native plugins compatible for Editor in 4.87 ms, found 10 plugins.
Preloading 1 native plugins for Editor in 0.05 ms.
Unloading 30 Unused Serialized files (Serialized files now loaded: 0)
Unloading 7916 unused Assets / (7.4 MB). Loaded Objects now: 8750.
Memory consumption went from 175.4 MB to 168.0 MB.
Total: 10.462300 ms (FindLiveObjects: 0.907400 ms CreateObjectMapping: 1.262800 ms MarkObjects: 4.767500 ms  DeleteObjects: 3.523700 ms)

Prepare: number of updated asset objects reloaded= 0
========================================================================
Received Prepare
Begin MonoManager ReloadAssembly
- Loaded All Assemblies, in  1.065 seconds
Refreshing native plugins compatible for Editor in 6.04 ms, found 10 plugins.
Native extension for WindowsStandalone target not found
[MODES] ModeService[none].Initialize
[MODES] ModeService[none].LoadModes
Mono: successfully reloaded assembly
- Finished resetting the current domain, in  1.678 seconds
Domain Reload Profiling: 2740ms
	BeginReloadAssembly (256ms)
		ExecutionOrderSort (0ms)
		DisableScriptedObjects (21ms)
		BackupInstance (0ms)
		ReleaseScriptingObjects (0ms)
		CreateAndSetChildDomain (58ms)
	RebuildCommonClasses (44ms)
	RebuildNativeTypeToScriptingClass (17ms)
	initialDomainReloadingComplete (39ms)
	LoadAllAssembliesAndSetupDomain (704ms)
		LoadAssemblies (471ms)
		RebuildTransferFunctionScriptingTraits (0ms)
		AnalyzeDomain (352ms)
			TypeCache.Refresh (16ms)
				TypeCache.ScanAssembly (1ms)
			BuildScriptInfoCaches (310ms)
			ResolveRequiredComponents (22ms)
	FinalizeReload (1680ms)
		ReleaseScriptCaches (0ms)
		RebuildScriptCaches (0ms)
		SetupLoadedEditorAssemblies (1361ms)
			LogAssemblyErrors (0ms)
			InitializePlatformSupportModulesInManaged (3ms)
			SetLoadedEditorAssemblies (8ms)
			BeforeProcessingInitializeOnLoad (212ms)
			ProcessInitializeOnLoadAttributes (792ms)
			ProcessInitializeOnLoadMethodAttributes (338ms)
			AfterProcessingInitializeOnLoad (8ms)
			EditorAssembliesLoaded (0ms)
		ExecutionOrderSort2 (0ms)
		AwakeInstancesAfterBackupRestoration (20ms)
Refreshing native plugins compatible for Editor in 17.32 ms, found 10 plugins.
Preloading 1 native plugins for Editor in 0.08 ms.
Unloading 30 Unused Serialized files (Serialized files now loaded: 0)
Unloading 7916 unused Assets / (7.7 MB). Loaded Objects now: 8752.
Memory consumption went from 175.5 MB to 167.8 MB.
Total: 22.993500 ms (FindLiveObjects: 1.857800 ms CreateObjectMapping: 2.175600 ms MarkObjects: 10.229500 ms  DeleteObjects: 8.728600 ms)

Prepare: number of updated asset objects reloaded= 0
========================================================================
Received Import Request.
  Time since last request: 201.939954 seconds.
  path: Assets/Juego/Scrips/SaveTest.cs
  artifactKey: Guid(8a305b8123ce10c4489b09851e697756) Importer(815301076,1909f56bfc062723c751e8b465ee728b)
Start importing Assets/Juego/Scrips/SaveTest.cs using Guid(8a305b8123ce10c4489b09851e697756) Importer(815301076,1909f56bfc062723c751e8b465ee728b) (PreviewImporter) -> (artifact id: 'd75c85885297b0063ed177a05be21e14') in 0.0666853 seconds
Number of updated asset objects reloaded before import = 0Number of asset objects unloaded after import = 0

========================================================================
Received Prepare
Begin MonoManager ReloadAssembly
- Loaded All Assemblies, in  1.018 seconds
Refreshing native plugins compatible for Editor in 5.69 ms, found 10 plugins.
Native extension for WindowsStandalone target not found
[MODES] ModeService[none].Initialize
[MODES] ModeService[none].LoadModes
Mono: successfully reloaded assembly
- Finished resetting the current domain, in  1.150 seconds
Domain Reload Profiling: 2164ms
	BeginReloadAssembly (253ms)
		ExecutionOrderSort (0ms)
		DisableScriptedObjects (16ms)
		BackupInstance (0ms)
		ReleaseScriptingObjects (0ms)
		CreateAndSetChildDomain (64ms)
	RebuildCommonClasses (47ms)
	RebuildNativeTypeToScriptingClass (18ms)
	initialDomainReloadingComplete (35ms)
	LoadAllAssembliesAndSetupDomain (661ms)
		LoadAssemblies (449ms)
		RebuildTransferFunctionScriptingTraits (0ms)
		AnalyzeDomain (328ms)
			TypeCache.Refresh (10ms)
				TypeCache.ScanAssembly (0ms)
			BuildScriptInfoCaches (297ms)
			ResolveRequiredComponents (16ms)
	FinalizeReload (1150ms)
		ReleaseScriptCaches (0ms)
		RebuildScriptCaches (0ms)
		SetupLoadedEditorAssemblies (876ms)
			LogAssemblyErrors (0ms)
			InitializePlatformSupportModulesInManaged (3ms)
			SetLoadedEditorAssemblies (7ms)
			BeforeProcessingInitializeOnLoad (183ms)
			ProcessInitializeOnLoadAttributes (560ms)
			ProcessInitializeOnLoadMethodAttributes (115ms)
			AfterProcessingInitializeOnLoad (6ms)
			EditorAssembliesLoaded (0ms)
		ExecutionOrderSort2 (0ms)
		AwakeInstancesAfterBackupRestoration (14ms)
Refreshing native plugins compatible for Editor in 5.61 ms, found 10 plugins.
Preloading 1 native plugins for Editor in 0.06 ms.
Unloading 30 Unused Serialized files (Serialized files now loaded: 0)
Unloading 7916 unused Assets / (7.5 MB). Loaded Objects now: 8754.
Memory consumption went from 175.4 MB to 167.9 MB.
Total: 13.887400 ms (FindLiveObjects: 1.185300 ms CreateObjectMapping: 1.783700 ms MarkObjects: 6.271300 ms  DeleteObjects: 4.646000 ms)

Prepare: number of updated asset objects reloaded= 0
========================================================================
Received Import Request.
  Time since last request: 17.858694 seconds.
  path: Assets/Juego/Mapa/Arboles.obj
  artifactKey: Guid(8bba2ada2b97a3948a1566f2d1d9f2c1) Importer(815301076,1909f56bfc062723c751e8b465ee728b)
Start importing Assets/Juego/Mapa/Arboles.obj using Guid(8bba2ada2b97a3948a1566f2d1d9f2c1) Importer(815301076,1909f56bfc062723c751e8b465ee728b) (PreviewImporter) -> (artifact id: '00862c94c656d83a0a2c13ccc2e49b12') in 0.5700903 seconds
Number of updated asset objects reloaded before import = 0Number of asset objects unloaded after import = 11

========================================================================
Received Prepare
Begin MonoManager ReloadAssembly
- Loaded All Assemblies, in  1.105 seconds
Refreshing native plugins compatible for Editor in 6.36 ms, found 10 plugins.
Native extension for WindowsStandalone target not found
[MODES] ModeService[none].Initialize
[MODES] ModeService[none].LoadModes
Mono: successfully reloaded assembly
- Finished resetting the current domain, in  1.219 seconds
Domain Reload Profiling: 2320ms
	BeginReloadAssembly (294ms)
		ExecutionOrderSort (0ms)
		DisableScriptedObjects (33ms)
		BackupInstance (0ms)
		ReleaseScriptingObjects (0ms)
		CreateAndSetChildDomain (79ms)
	RebuildCommonClasses (49ms)
	RebuildNativeTypeToScriptingClass (18ms)
	initialDomainReloadingComplete (36ms)
	LoadAllAssembliesAndSetupDomain (704ms)
		LoadAssemblies (475ms)
		RebuildTransferFunctionScriptingTraits (0ms)
		AnalyzeDomain (351ms)
			TypeCache.Refresh (10ms)
				TypeCache.ScanAssembly (0ms)
			BuildScriptInfoCaches (314ms)
			ResolveRequiredComponents (22ms)
	FinalizeReload (1219ms)
		ReleaseScriptCaches (0ms)
		RebuildScriptCaches (0ms)
		SetupLoadedEditorAssemblies (941ms)
			LogAssemblyErrors (0ms)
			InitializePlatformSupportModulesInManaged (3ms)
			SetLoadedEditorAssemblies (5ms)
			BeforeProcessingInitializeOnLoad (175ms)
			ProcessInitializeOnLoadAttributes (626ms)
			ProcessInitializeOnLoadMethodAttributes (125ms)
			AfterProcessingInitializeOnLoad (6ms)
			EditorAssembliesLoaded (0ms)
		ExecutionOrderSort2 (0ms)
		AwakeInstancesAfterBackupRestoration (15ms)
Refreshing native plugins compatible for Editor in 7.09 ms, found 10 plugins.
Preloading 1 native plugins for Editor in 0.07 ms.
Unloading 30 Unused Serialized files (Serialized files now loaded: 0)
Unloading 7917 unused Assets / (7.7 MB). Loaded Objects now: 8776.
Memory consumption went from 179.8 MB to 172.1 MB.
Total: 15.486000 ms (FindLiveObjects: 1.135500 ms CreateObjectMapping: 2.161000 ms MarkObjects: 7.119000 ms  DeleteObjects: 5.068400 ms)

Prepare: number of updated asset objects reloaded= 0
========================================================================
Received Prepare
Begin MonoManager ReloadAssembly
- Loaded All Assemblies, in  6.812 seconds
Refreshing native plugins compatible for Editor in 39.02 ms, found 10 plugins.
Native extension for WindowsStandalone target not found
[MODES] ModeService[none].Initialize
[MODES] ModeService[none].LoadModes
Mono: successfully reloaded assembly
- Finished resetting the current domain, in  5.667 seconds
Domain Reload Profiling: 12459ms
	BeginReloadAssembly (2109ms)
		ExecutionOrderSort (0ms)
		DisableScriptedObjects (108ms)
		BackupInstance (0ms)
		ReleaseScriptingObjects (0ms)
		CreateAndSetChildDomain (587ms)
	RebuildCommonClasses (318ms)
	RebuildNativeTypeToScriptingClass (105ms)
	initialDomainReloadingComplete (227ms)
	LoadAllAssembliesAndSetupDomain (4033ms)
		LoadAssemblies (2930ms)
		RebuildTransferFunctionScriptingTraits (0ms)
		AnalyzeDomain (1974ms)
			TypeCache.Refresh (203ms)
				TypeCache.ScanAssembly (1ms)
			BuildScriptInfoCaches (1626ms)
			ResolveRequiredComponents (117ms)
	FinalizeReload (5667ms)
		ReleaseScriptCaches (0ms)
		RebuildScriptCaches (0ms)
		SetupLoadedEditorAssemblies (4350ms)
			LogAssemblyErrors (0ms)
			InitializePlatformSupportModulesInManaged (3ms)
			SetLoadedEditorAssemblies (76ms)
			BeforeProcessingInitializeOnLoad (1646ms)
			ProcessInitializeOnLoadAttributes (2155ms)
			ProcessInitializeOnLoadMethodAttributes (450ms)
			AfterProcessingInitializeOnLoad (20ms)
			EditorAssembliesLoaded (0ms)
		ExecutionOrderSort2 (0ms)
		AwakeInstancesAfterBackupRestoration (45ms)
Refreshing native plugins compatible for Editor in 7.46 ms, found 10 plugins.
Preloading 1 native plugins for Editor in 0.12 ms.
Unloading 30 Unused Serialized files (Serialized files now loaded: 0)
Unloading 7916 unused Assets / (9.3 MB). Loaded Objects now: 8778.
Memory consumption went from 179.6 MB to 170.3 MB.
Total: 129.611100 ms (FindLiveObjects: 31.809600 ms CreateObjectMapping: 2.163900 ms MarkObjects: 19.121200 ms  DeleteObjects: 76.514800 ms)

Prepare: number of updated asset objects reloaded= 0
========================================================================
Received Prepare
Begin MonoManager ReloadAssembly
- Loaded All Assemblies, in  6.777 seconds
Refreshing native plugins compatible for Editor in 42.31 ms, found 10 plugins.
Native extension for WindowsStandalone target not found
[MODES] ModeService[none].Initialize
[MODES] ModeService[none].LoadModes
Mono: successfully reloaded assembly
- Finished resetting the current domain, in  8.099 seconds
Domain Reload Profiling: 14868ms
	BeginReloadAssembly (1376ms)
		ExecutionOrderSort (0ms)
		DisableScriptedObjects (146ms)
		BackupInstance (0ms)
		ReleaseScriptingObjects (0ms)
		CreateAndSetChildDomain (299ms)
	RebuildCommonClasses (305ms)
	RebuildNativeTypeToScriptingClass (105ms)
	initialDomainReloadingComplete (221ms)
	LoadAllAssembliesAndSetupDomain (4762ms)
		LoadAssemblies (2990ms)
		RebuildTransferFunctionScriptingTraits (0ms)
		AnalyzeDomain (2457ms)
			TypeCache.Refresh (43ms)
				TypeCache.ScanAssembly (0ms)
			BuildScriptInfoCaches (2252ms)
			ResolveRequiredComponents (157ms)
	FinalizeReload (8099ms)
		ReleaseScriptCaches (0ms)
		RebuildScriptCaches (0ms)
		SetupLoadedEditorAssemblies (6550ms)
			LogAssemblyErrors (0ms)
			InitializePlatformSupportModulesInManaged (3ms)
			SetLoadedEditorAssemblies (103ms)
			BeforeProcessingInitializeOnLoad (1337ms)
			ProcessInitializeOnLoadAttributes (4200ms)
			ProcessInitializeOnLoadMethodAttributes (854ms)
			AfterProcessingInitializeOnLoad (51ms)
			EditorAssembliesLoaded (2ms)
		ExecutionOrderSort2 (0ms)
		AwakeInstancesAfterBackupRestoration (59ms)
Refreshing native plugins compatible for Editor in 21.59 ms, found 10 plugins.
Preloading 1 native plugins for Editor in 0.08 ms.
Unloading 30 Unused Serialized files (Serialized files now loaded: 0)
Unloading 7916 unused Assets / (6.9 MB). Loaded Objects now: 8780.
Memory consumption went from 179.6 MB to 172.7 MB.
Total: 49.090800 ms (FindLiveObjects: 1.641400 ms CreateObjectMapping: 1.984100 ms MarkObjects: 24.681000 ms  DeleteObjects: 20.781900 ms)

Prepare: number of updated asset objects reloaded= 0
========================================================================
Received Prepare
Begin MonoManager ReloadAssembly
- Loaded All Assemblies, in  2.753 seconds
Refreshing native plugins compatible for Editor in 7.10 ms, found 10 plugins.
Native extension for WindowsStandalone target not found
[MODES] ModeService[none].Initialize
[MODES] ModeService[none].LoadModes
Mono: successfully reloaded assembly
- Finished resetting the current domain, in  1.361 seconds
Domain Reload Profiling: 4100ms
	BeginReloadAssembly (1090ms)
		ExecutionOrderSort (0ms)
		DisableScriptedObjects (44ms)
		BackupInstance (0ms)
		ReleaseScriptingObjects (0ms)
		CreateAndSetChildDomain (249ms)
	RebuildCommonClasses (149ms)
	RebuildNativeTypeToScriptingClass (37ms)
	initialDomainReloadingComplete (101ms)
	LoadAllAssembliesAndSetupDomain (1361ms)
		LoadAssemblies (1378ms)
		RebuildTransferFunctionScriptingTraits (0ms)
		AnalyzeDomain (464ms)
			TypeCache.Refresh (19ms)
				TypeCache.ScanAssembly (0ms)
			BuildScriptInfoCaches (419ms)
			ResolveRequiredComponents (20ms)
	FinalizeReload (1361ms)
		ReleaseScriptCaches (0ms)
		RebuildScriptCaches (0ms)
		SetupLoadedEditorAssemblies (1049ms)
			LogAssemblyErrors (0ms)
			InitializePlatformSupportModulesInManaged (3ms)
			SetLoadedEditorAssemblies (9ms)
			BeforeProcessingInitializeOnLoad (205ms)
			ProcessInitializeOnLoadAttributes (678ms)
			ProcessInitializeOnLoadMethodAttributes (145ms)
			AfterProcessingInitializeOnLoad (8ms)
			EditorAssembliesLoaded (0ms)
		ExecutionOrderSort2 (0ms)
		AwakeInstancesAfterBackupRestoration (18ms)
Refreshing native plugins compatible for Editor in 7.41 ms, found 10 plugins.
Preloading 1 native plugins for Editor in 0.10 ms.
Unloading 30 Unused Serialized files (Serialized files now loaded: 0)
Unloading 7916 unused Assets / (7.7 MB). Loaded Objects now: 8782.
Memory consumption went from 179.6 MB to 172.0 MB.
Total: 16.381300 ms (FindLiveObjects: 1.177400 ms CreateObjectMapping: 2.005400 ms MarkObjects: 7.192700 ms  DeleteObjects: 6.004600 ms)

Prepare: number of updated asset objects reloaded= 0
========================================================================
Received Import Request.
  Time since last request: 99.312470 seconds.
  path: Assets/Juego/Scrips/SaveLoad/StaticSaveLoad.cs
  artifactKey: Guid(443465a338019cb4ca09634c093afade) Importer(815301076,1909f56bfc062723c751e8b465ee728b)
Start importing Assets/Juego/Scrips/SaveLoad/StaticSaveLoad.cs using Guid(443465a338019cb4ca09634c093afade) Importer(815301076,1909f56bfc062723c751e8b465ee728b) (PreviewImporter) -> (artifact id: 'ef857ed2ec4958ab03713fb68dff059e') in 0.0393422 seconds
Number of updated asset objects reloaded before import = 0Number of asset objects unloaded after import = 0

========================================================================
Received Import Request.
  Time since last request: 0.000017 seconds.
  path: Assets/TextMesh Pro/Resources/Fonts & Materials/LiberationSans SDF - Drop Shadow.mat
  artifactKey: Guid(e73a58f6e2794ae7b1b7e50b7fb811b0) Importer(815301076,1909f56bfc062723c751e8b465ee728b)
Start importing Assets/TextMesh Pro/Resources/Fonts & Materials/LiberationSans SDF - Drop Shadow.mat using Guid(e73a58f6e2794ae7b1b7e50b7fb811b0) Importer(815301076,1909f56bfc062723c751e8b465ee728b) (PreviewImporter) -> (artifact id: 'bd2e3dd26159650134bf326873de2825') in 0.6686265 seconds
Number of updated asset objects reloaded before import = 0Number of asset objects unloaded after import = 2

========================================================================
Received Import Request.
  Time since last request: 0.000037 seconds.
  path: Assets/Juego/Materials/PastoPradera.mat
  artifactKey: Guid(6a12f650582bbcc48868962ee0a29aff) Importer(815301076,1909f56bfc062723c751e8b465ee728b)
Start importing Assets/Juego/Materials/PastoPradera.mat using Guid(6a12f650582bbcc48868962ee0a29aff) Importer(815301076,1909f56bfc062723c751e8b465ee728b) (PreviewImporter) -> (artifact id: '65d894d40a795665735c4b7295950f71') in 0.02464 seconds
Number of updated asset objects reloaded before import = 0Number of asset objects unloaded after import = 2

========================================================================
Received Import Request.
  Time since last request: 0.000041 seconds.
  path: Assets/Juego/Scrips/Menus/OptionsMenu.cs
  artifactKey: Guid(ef6a3535e7298204fb1b449d35e283f2) Importer(815301076,1909f56bfc062723c751e8b465ee728b)
Start importing Assets/Juego/Scrips/Menus/OptionsMenu.cs using Guid(ef6a3535e7298204fb1b449d35e283f2) Importer(815301076,1909f56bfc062723c751e8b465ee728b) (PreviewImporter) -> (artifact id: '7ede40dc7ceb25ab3a14d4c65ffd9b03') in 0.0008147 seconds
Number of updated asset objects reloaded before import = 0Number of asset objects unloaded after import = 0

========================================================================
Received Prepare
Begin MonoManager ReloadAssembly
- Loaded All Assemblies, in  1.181 seconds
Refreshing native plugins compatible for Editor in 6.14 ms, found 10 plugins.
Native extension for WindowsStandalone target not found
[MODES] ModeService[none].Initialize
[MODES] ModeService[none].LoadModes
Mono: successfully reloaded assembly
- Finished resetting the current domain, in  1.312 seconds
Domain Reload Profiling: 2488ms
	BeginReloadAssembly (314ms)
		ExecutionOrderSort (0ms)
		DisableScriptedObjects (36ms)
		BackupInstance (0ms)
		ReleaseScriptingObjects (0ms)
		CreateAndSetChildDomain (80ms)
	RebuildCommonClasses (46ms)
	RebuildNativeTypeToScriptingClass (18ms)
	initialDomainReloadingComplete (37ms)
	LoadAllAssembliesAndSetupDomain (761ms)
		LoadAssemblies (541ms)
		RebuildTransferFunctionScriptingTraits (0ms)
		AnalyzeDomain (356ms)
			TypeCache.Refresh (15ms)
				TypeCache.ScanAssembly (1ms)
			BuildScriptInfoCaches (317ms)
			ResolveRequiredComponents (19ms)
	FinalizeReload (1313ms)
		ReleaseScriptCaches (0ms)
		RebuildScriptCaches (0ms)
		SetupLoadedEditorAssemblies (1029ms)
			LogAssemblyErrors (0ms)
			InitializePlatformSupportModulesInManaged (3ms)
			SetLoadedEditorAssemblies (7ms)
			BeforeProcessingInitializeOnLoad (199ms)
			ProcessInitializeOnLoadAttributes (673ms)
			ProcessInitializeOnLoadMethodAttributes (138ms)
			AfterProcessingInitializeOnLoad (8ms)
			EditorAssembliesLoaded (0ms)
		ExecutionOrderSort2 (0ms)
		AwakeInstancesAfterBackupRestoration (18ms)
Refreshing native plugins compatible for Editor in 6.83 ms, found 10 plugins.
Preloading 1 native plugins for Editor in 0.07 ms.
Unloading 30 Unused Serialized files (Serialized files now loaded: 0)
Unloading 7917 unused Assets / (7.7 MB). Loaded Objects now: 8837.
Memory consumption went from 184.1 MB to 176.4 MB.
Total: 15.268400 ms (FindLiveObjects: 1.106100 ms CreateObjectMapping: 1.655600 ms MarkObjects: 6.744100 ms  DeleteObjects: 5.761700 ms)

Prepare: number of updated asset objects reloaded= 0
========================================================================
Received Import Request.
  Time since last request: 90.138661 seconds.
  path: Assets/Juego/Scrips/Menus/OptionsMenu.cs
  artifactKey: Guid(ef6a3535e7298204fb1b449d35e283f2) Importer(815301076,1909f56bfc062723c751e8b465ee728b)
Start importing Assets/Juego/Scrips/Menus/OptionsMenu.cs using Guid(ef6a3535e7298204fb1b449d35e283f2) Importer(815301076,1909f56bfc062723c751e8b465ee728b) (PreviewImporter) -> (artifact id: 'a180175f32b687a4d8bfa2cae876beb0') in 0.0084503 seconds
Number of updated asset objects reloaded before import = 0Number of asset objects unloaded after import = 0

========================================================================
Received Prepare
Begin MonoManager ReloadAssembly
- Loaded All Assemblies, in  1.035 seconds
Refreshing native plugins compatible for Editor in 6.23 ms, found 10 plugins.
Native extension for WindowsStandalone target not found
[MODES] ModeService[none].Initialize
[MODES] ModeService[none].LoadModes
Mono: successfully reloaded assembly
- Finished resetting the current domain, in  1.145 seconds
Domain Reload Profiling: 2173ms
	BeginReloadAssembly (255ms)
		ExecutionOrderSort (0ms)
		DisableScriptedObjects (17ms)
		BackupInstance (0ms)
		ReleaseScriptingObjects (0ms)
		CreateAndSetChildDomain (59ms)
	RebuildCommonClasses (47ms)
	RebuildNativeTypeToScriptingClass (18ms)
	initialDomainReloadingComplete (38ms)
	LoadAllAssembliesAndSetupDomain (670ms)
		LoadAssemblies (475ms)
		RebuildTransferFunctionScriptingTraits (0ms)
		AnalyzeDomain (317ms)
			TypeCache.Refresh (10ms)
				TypeCache.ScanAssembly (0ms)
			BuildScriptInfoCaches (286ms)
			ResolveRequiredComponents (16ms)
	FinalizeReload (1145ms)
		ReleaseScriptCaches (0ms)
		RebuildScriptCaches (0ms)
		SetupLoadedEditorAssemblies (884ms)
			LogAssemblyErrors (0ms)
			InitializePlatformSupportModulesInManaged (3ms)
			SetLoadedEditorAssemblies (7ms)
			BeforeProcessingInitializeOnLoad (171ms)
			ProcessInitializeOnLoadAttributes (566ms)
			ProcessInitializeOnLoadMethodAttributes (130ms)
			AfterProcessingInitializeOnLoad (7ms)
			EditorAssembliesLoaded (0ms)
		ExecutionOrderSort2 (0ms)
		AwakeInstancesAfterBackupRestoration (16ms)
Refreshing native plugins compatible for Editor in 5.87 ms, found 10 plugins.
Preloading 1 native plugins for Editor in 0.06 ms.
Unloading 30 Unused Serialized files (Serialized files now loaded: 0)
Unloading 7916 unused Assets / (7.7 MB). Loaded Objects now: 8839.
Memory consumption went from 183.9 MB to 176.2 MB.
Total: 13.099800 ms (FindLiveObjects: 1.030400 ms CreateObjectMapping: 1.465800 ms MarkObjects: 5.954700 ms  DeleteObjects: 4.647800 ms)

Prepare: number of updated asset objects reloaded= 0
========================================================================
Received Prepare
Begin MonoManager ReloadAssembly
- Loaded All Assemblies, in  1.045 seconds
Refreshing native plugins compatible for Editor in 6.87 ms, found 10 plugins.
Native extension for WindowsStandalone target not found
[MODES] ModeService[none].Initialize
[MODES] ModeService[none].LoadModes
Mono: successfully reloaded assembly
- Finished resetting the current domain, in  1.203 seconds
Domain Reload Profiling: 2244ms
	BeginReloadAssembly (264ms)
		ExecutionOrderSort (0ms)
		DisableScriptedObjects (21ms)
		BackupInstance (0ms)
		ReleaseScriptingObjects (0ms)
		CreateAndSetChildDomain (63ms)
	RebuildCommonClasses (45ms)
	RebuildNativeTypeToScriptingClass (17ms)
	initialDomainReloadingComplete (34ms)
	LoadAllAssembliesAndSetupDomain (680ms)
		LoadAssemblies (481ms)
		RebuildTransferFunctionScriptingTraits (0ms)
		AnalyzeDomain (321ms)
			TypeCache.Refresh (9ms)
				TypeCache.ScanAssembly (0ms)
			BuildScriptInfoCaches (291ms)
			ResolveRequiredComponents (17ms)
	FinalizeReload (1204ms)
		ReleaseScriptCaches (0ms)
		RebuildScriptCaches (0ms)
		SetupLoadedEditorAssemblies (922ms)
			LogAssemblyErrors (0ms)
			InitializePlatformSupportModulesInManaged (3ms)
			SetLoadedEditorAssemblies (6ms)
			BeforeProcessingInitializeOnLoad (177ms)
			ProcessInitializeOnLoadAttributes (602ms)
			ProcessInitializeOnLoadMethodAttributes (126ms)
			AfterProcessingInitializeOnLoad (7ms)
			EditorAssembliesLoaded (0ms)
		ExecutionOrderSort2 (0ms)
		AwakeInstancesAfterBackupRestoration (15ms)
Refreshing native plugins compatible for Editor in 5.82 ms, found 10 plugins.
Preloading 1 native plugins for Editor in 0.06 ms.
Unloading 30 Unused Serialized files (Serialized files now loaded: 0)
Unloading 7916 unused Assets / (7.7 MB). Loaded Objects now: 8841.
Memory consumption went from 183.9 MB to 176.2 MB.
Total: 13.177000 ms (FindLiveObjects: 1.016500 ms CreateObjectMapping: 1.450000 ms MarkObjects: 5.850800 ms  DeleteObjects: 4.858700 ms)

Prepare: number of updated asset objects reloaded= 0
========================================================================
Received Import Request.
  Time since last request: 32.498136 seconds.
  path: Assets/Juego/Prefabs/Primordial/Main Camera.prefab
  artifactKey: Guid(a4ce6283b0a90424da6e1eafd507b65a) Importer(815301076,1909f56bfc062723c751e8b465ee728b)
Start importing Assets/Juego/Prefabs/Primordial/Main Camera.prefab using Guid(a4ce6283b0a90424da6e1eafd507b65a) Importer(815301076,1909f56bfc062723c751e8b465ee728b) (PreviewImporter) -> (artifact id: '6d3196516ca12ccf697a5c813d950bff') in 0.0511525 seconds
Number of updated asset objects reloaded before import = 0Number of asset objects unloaded after import = 9

========================================================================
Received Import Request.
  Time since last request: 1.298195 seconds.
  path: Assets/Juego/Scrips/Menus/MainMenu.cs
  artifactKey: Guid(c26aa2916ef22d7429ef98ed9ff0f295) Importer(815301076,1909f56bfc062723c751e8b465ee728b)
Start importing Assets/Juego/Scrips/Menus/MainMenu.cs using Guid(c26aa2916ef22d7429ef98ed9ff0f295) Importer(815301076,1909f56bfc062723c751e8b465ee728b) (PreviewImporter) -> (artifact id: '960e52b9ab1e11a41141b969b2fc1d66') in 0.0006196 seconds
Number of updated asset objects reloaded before import = 0Number of asset objects unloaded after import = 0

========================================================================
Received Prepare
Begin MonoManager ReloadAssembly
- Loaded All Assemblies, in  1.063 seconds
Refreshing native plugins compatible for Editor in 6.28 ms, found 10 plugins.
Native extension for WindowsStandalone target not found
[MODES] ModeService[none].Initialize
[MODES] ModeService[none].LoadModes
Mono: successfully reloaded assembly
- Finished resetting the current domain, in  1.245 seconds
Domain Reload Profiling: 2304ms
	BeginReloadAssembly (268ms)
		ExecutionOrderSort (0ms)
		DisableScriptedObjects (18ms)
		BackupInstance (0ms)
		ReleaseScriptingObjects (0ms)
		CreateAndSetChildDomain (61ms)
	RebuildCommonClasses (48ms)
	RebuildNativeTypeToScriptingClass (18ms)
	initialDomainReloadingComplete (35ms)
	LoadAllAssembliesAndSetupDomain (689ms)
		LoadAssemblies (485ms)
		RebuildTransferFunctionScriptingTraits (0ms)
		AnalyzeDomain (334ms)
			TypeCache.Refresh (15ms)
				TypeCache.ScanAssembly (1ms)
			BuildScriptInfoCaches (297ms)
			ResolveRequiredComponents (17ms)
	FinalizeReload (1246ms)
		ReleaseScriptCaches (0ms)
		RebuildScriptCaches (0ms)
		SetupLoadedEditorAssemblies (978ms)
			LogAssemblyErrors (0ms)
			InitializePlatformSupportModulesInManaged (3ms)
			SetLoadedEditorAssemblies (6ms)
			BeforeProcessingInitializeOnLoad (191ms)
			ProcessInitializeOnLoadAttributes (637ms)
			ProcessInitializeOnLoadMethodAttributes (134ms)
			AfterProcessingInitializeOnLoad (7ms)
			EditorAssembliesLoaded (0ms)
		ExecutionOrderSort2 (0ms)
		AwakeInstancesAfterBackupRestoration (17ms)
Refreshing native plugins compatible for Editor in 7.25 ms, found 10 plugins.
Preloading 1 native plugins for Editor in 0.07 ms.
Unloading 30 Unused Serialized files (Serialized files now loaded: 0)
Unloading 7916 unused Assets / (7.6 MB). Loaded Objects now: 8843.
Memory consumption went from 183.9 MB to 176.3 MB.
Total: 15.494300 ms (FindLiveObjects: 1.401800 ms CreateObjectMapping: 1.774100 ms MarkObjects: 6.712800 ms  DeleteObjects: 5.604600 ms)

Prepare: number of updated asset objects reloaded= 0
========================================================================
Received Import Request.
  Time since last request: 27.052015 seconds.
  path: Assets/Juego/Scrips/Menus/MainMenu.cs
  artifactKey: Guid(c26aa2916ef22d7429ef98ed9ff0f295) Importer(815301076,1909f56bfc062723c751e8b465ee728b)
Start importing Assets/Juego/Scrips/Menus/MainMenu.cs using Guid(c26aa2916ef22d7429ef98ed9ff0f295) Importer(815301076,1909f56bfc062723c751e8b465ee728b) (PreviewImporter) -> (artifact id: '0c39656d6f3191b356a5ef0f008d6ac7') in 0.0081309 seconds
Number of updated asset objects reloaded before import = 0Number of asset objects unloaded after import = 0

========================================================================
Received Prepare
Begin MonoManager ReloadAssembly
- Loaded All Assemblies, in  1.032 seconds
Refreshing native plugins compatible for Editor in 5.71 ms, found 10 plugins.
Native extension for WindowsStandalone target not found
[MODES] ModeService[none].Initialize
[MODES] ModeService[none].LoadModes
Mono: successfully reloaded assembly
- Finished resetting the current domain, in  1.286 seconds
Domain Reload Profiling: 2315ms
	BeginReloadAssembly (262ms)
		ExecutionOrderSort (0ms)
		DisableScriptedObjects (19ms)
		BackupInstance (0ms)
		ReleaseScriptingObjects (0ms)
		CreateAndSetChildDomain (66ms)
	RebuildCommonClasses (45ms)
	RebuildNativeTypeToScriptingClass (18ms)
	initialDomainReloadingComplete (36ms)
	LoadAllAssembliesAndSetupDomain (667ms)
		LoadAssemblies (463ms)
		RebuildTransferFunctionScriptingTraits (0ms)
		AnalyzeDomain (321ms)
			TypeCache.Refresh (9ms)
				TypeCache.ScanAssembly (0ms)
			BuildScriptInfoCaches (291ms)
			ResolveRequiredComponents (16ms)
	FinalizeReload (1287ms)
		ReleaseScriptCaches (0ms)
		RebuildScriptCaches (0ms)
		SetupLoadedEditorAssemblies (1023ms)
			LogAssemblyErrors (0ms)
			InitializePlatformSupportModulesInManaged (2ms)
			SetLoadedEditorAssemblies (7ms)
			BeforeProcessingInitializeOnLoad (175ms)
			ProcessInitializeOnLoadAttributes (665ms)
			ProcessInitializeOnLoadMethodAttributes (166ms)
			AfterProcessingInitializeOnLoad (7ms)
			EditorAssembliesLoaded (1ms)
		ExecutionOrderSort2 (0ms)
		AwakeInstancesAfterBackupRestoration (20ms)
Refreshing native plugins compatible for Editor in 7.76 ms, found 10 plugins.
Preloading 1 native plugins for Editor in 0.07 ms.
Unloading 30 Unused Serialized files (Serialized files now loaded: 0)
Unloading 7916 unused Assets / (7.7 MB). Loaded Objects now: 8845.
Memory consumption went from 184.0 MB to 176.3 MB.
Total: 20.014300 ms (FindLiveObjects: 1.319000 ms CreateObjectMapping: 3.008500 ms MarkObjects: 9.075600 ms  DeleteObjects: 6.609100 ms)

Prepare: number of updated asset objects reloaded= 0
========================================================================
Received Prepare
Begin MonoManager ReloadAssembly
- Loaded All Assemblies, in  1.131 seconds
Refreshing native plugins compatible for Editor in 5.83 ms, found 10 plugins.
Native extension for WindowsStandalone target not found
[MODES] ModeService[none].Initialize
[MODES] ModeService[none].LoadModes
Mono: successfully reloaded assembly
- Finished resetting the current domain, in  1.283 seconds
Domain Reload Profiling: 2409ms
	BeginReloadAssembly (271ms)
		ExecutionOrderSort (0ms)
		DisableScriptedObjects (18ms)
		BackupInstance (0ms)
		ReleaseScriptingObjects (0ms)
		CreateAndSetChildDomain (64ms)
	RebuildCommonClasses (46ms)
	RebuildNativeTypeToScriptingClass (19ms)
	initialDomainReloadingComplete (39ms)
	LoadAllAssembliesAndSetupDomain (751ms)
		LoadAssemblies (543ms)
		RebuildTransferFunctionScriptingTraits (0ms)
		AnalyzeDomain (336ms)
			TypeCache.Refresh (10ms)
				TypeCache.ScanAssembly (0ms)
			BuildScriptInfoCaches (304ms)
			ResolveRequiredComponents (17ms)
	FinalizeReload (1284ms)
		ReleaseScriptCaches (0ms)
		RebuildScriptCaches (0ms)
		SetupLoadedEditorAssemblies (1005ms)
			LogAssemblyErrors (0ms)
			InitializePlatformSupportModulesInManaged (3ms)
			SetLoadedEditorAssemblies (6ms)
			BeforeProcessingInitializeOnLoad (184ms)
			ProcessInitializeOnLoadAttributes (644ms)
			ProcessInitializeOnLoadMethodAttributes (159ms)
			AfterProcessingInitializeOnLoad (9ms)
			EditorAssembliesLoaded (0ms)
		ExecutionOrderSort2 (0ms)
		AwakeInstancesAfterBackupRestoration (22ms)
Refreshing native plugins compatible for Editor in 8.44 ms, found 10 plugins.
Preloading 1 native plugins for Editor in 0.11 ms.
Unloading 30 Unused Serialized files (Serialized files now loaded: 0)
Unloading 7916 unused Assets / (7.7 MB). Loaded Objects now: 8847.
Memory consumption went from 184.0 MB to 176.3 MB.
Total: 24.381700 ms (FindLiveObjects: 1.914700 ms CreateObjectMapping: 2.433600 ms MarkObjects: 9.219300 ms  DeleteObjects: 10.811900 ms)

Prepare: number of updated asset objects reloaded= 1
========================================================================
Received Prepare
Begin MonoManager ReloadAssembly
- Loaded All Assemblies, in  1.038 seconds
Refreshing native plugins compatible for Editor in 5.61 ms, found 10 plugins.
Native extension for WindowsStandalone target not found
[MODES] ModeService[none].Initialize
[MODES] ModeService[none].LoadModes
Mono: successfully reloaded assembly
- Finished resetting the current domain, in  1.263 seconds
Domain Reload Profiling: 2295ms
	BeginReloadAssembly (258ms)
		ExecutionOrderSort (0ms)
		DisableScriptedObjects (17ms)
		BackupInstance (0ms)
		ReleaseScriptingObjects (0ms)
		CreateAndSetChildDomain (59ms)
	RebuildCommonClasses (44ms)
	RebuildNativeTypeToScriptingClass (17ms)
	initialDomainReloadingComplete (37ms)
	LoadAllAssembliesAndSetupDomain (674ms)
		LoadAssemblies (471ms)
		RebuildTransferFunctionScriptingTraits (0ms)
		AnalyzeDomain (330ms)
			TypeCache.Refresh (12ms)
				TypeCache.ScanAssembly (0ms)
			BuildScriptInfoCaches (297ms)
			ResolveRequiredComponents (17ms)
	FinalizeReload (1264ms)
		ReleaseScriptCaches (0ms)
		RebuildScriptCaches (0ms)
		SetupLoadedEditorAssemblies (993ms)
			LogAssemblyErrors (0ms)
			InitializePlatformSupportModulesInManaged (3ms)
			SetLoadedEditorAssemblies (7ms)
			BeforeProcessingInitializeOnLoad (176ms)
			ProcessInitializeOnLoadAttributes (628ms)
			ProcessInitializeOnLoadMethodAttributes (170ms)
			AfterProcessingInitializeOnLoad (9ms)
			EditorAssembliesLoaded (0ms)
		ExecutionOrderSort2 (0ms)
		AwakeInstancesAfterBackupRestoration (22ms)
Refreshing native plugins compatible for Editor in 7.17 ms, found 10 plugins.
Preloading 1 native plugins for Editor in 0.07 ms.
Unloading 30 Unused Serialized files (Serialized files now loaded: 0)
Unloading 7916 unused Assets / (7.6 MB). Loaded Objects now: 8849.
Memory consumption went from 184.0 MB to 176.4 MB.
Total: 17.226600 ms (FindLiveObjects: 1.367800 ms CreateObjectMapping: 2.202700 ms MarkObjects: 7.411400 ms  DeleteObjects: 6.242200 ms)

Prepare: number of updated asset objects reloaded= 0
========================================================================
Received Prepare
Refreshing native plugins compatible for Editor in 5.51 ms, found 10 plugins.
Preloading 1 native plugins for Editor in 0.05 ms.
Unloading 30 Unused Serialized files (Serialized files now loaded: 0)
Unloading 7886 unused Assets / (7.6 MB). Loaded Objects now: 8849.
Memory consumption went from 184.0 MB to 176.4 MB.
Total: 14.070700 ms (FindLiveObjects: 1.068700 ms CreateObjectMapping: 1.920900 ms MarkObjects: 5.964900 ms  DeleteObjects: 5.115000 ms)

Prepare: number of updated asset objects reloaded= 0
========================================================================
Received Prepare
Begin MonoManager ReloadAssembly
- Loaded All Assemblies, in  0.960 seconds
Refreshing native plugins compatible for Editor in 6.22 ms, found 10 plugins.
Native extension for WindowsStandalone target not found
[MODES] ModeService[none].Initialize
[MODES] ModeService[none].LoadModes
Mono: successfully reloaded assembly
- Finished resetting the current domain, in  1.056 seconds
Domain Reload Profiling: 2013ms
	BeginReloadAssembly (235ms)
		ExecutionOrderSort (0ms)
		DisableScriptedObjects (16ms)
		BackupInstance (0ms)
		ReleaseScriptingObjects (0ms)
		CreateAndSetChildDomain (53ms)
	RebuildCommonClasses (40ms)
	RebuildNativeTypeToScriptingClass (16ms)
	initialDomainReloadingComplete (33ms)
	LoadAllAssembliesAndSetupDomain (633ms)
		LoadAssemblies (440ms)
		RebuildTransferFunctionScriptingTraits (0ms)
		AnalyzeDomain (305ms)
			TypeCache.Refresh (14ms)
				TypeCache.ScanAssembly (1ms)
			BuildScriptInfoCaches (271ms)
			ResolveRequiredComponents (15ms)
	FinalizeReload (1056ms)
		ReleaseScriptCaches (0ms)
		RebuildScriptCaches (0ms)
		SetupLoadedEditorAssemblies (810ms)
			LogAssemblyErrors (0ms)
			InitializePlatformSupportModulesInManaged (2ms)
			SetLoadedEditorAssemblies (7ms)
			BeforeProcessingInitializeOnLoad (157ms)
			ProcessInitializeOnLoadAttributes (520ms)
			ProcessInitializeOnLoadMethodAttributes (116ms)
			AfterProcessingInitializeOnLoad (7ms)
			EditorAssembliesLoaded (0ms)
		ExecutionOrderSort2 (0ms)
		AwakeInstancesAfterBackupRestoration (16ms)
Refreshing native plugins compatible for Editor in 5.52 ms, found 10 plugins.
Preloading 1 native plugins for Editor in 0.06 ms.
Unloading 30 Unused Serialized files (Serialized files now loaded: 0)
Unloading 7916 unused Assets / (7.7 MB). Loaded Objects now: 8851.
Memory consumption went from 184.0 MB to 176.3 MB.
Total: 12.453500 ms (FindLiveObjects: 1.034200 ms CreateObjectMapping: 1.534600 ms MarkObjects: 5.509400 ms  DeleteObjects: 4.374500 ms)

Prepare: number of updated asset objects reloaded= 0
========================================================================
Received Prepare
Begin MonoManager ReloadAssembly
- Loaded All Assemblies, in  0.977 seconds
Refreshing native plugins compatible for Editor in 6.06 ms, found 10 plugins.
Native extension for WindowsStandalone target not found
[MODES] ModeService[none].Initialize
[MODES] ModeService[none].LoadModes
Mono: successfully reloaded assembly
- Finished resetting the current domain, in  1.180 seconds
Domain Reload Profiling: 2153ms
	BeginReloadAssembly (248ms)
		ExecutionOrderSort (0ms)
		DisableScriptedObjects (17ms)
		BackupInstance (0ms)
		ReleaseScriptingObjects (0ms)
		CreateAndSetChildDomain (57ms)
	RebuildCommonClasses (41ms)
	RebuildNativeTypeToScriptingClass (16ms)
	initialDomainReloadingComplete (34ms)
	LoadAllAssembliesAndSetupDomain (634ms)
		LoadAssemblies (444ms)
		RebuildTransferFunctionScriptingTraits (0ms)
		AnalyzeDomain (310ms)
			TypeCache.Refresh (10ms)
				TypeCache.ScanAssembly (0ms)
			BuildScriptInfoCaches (279ms)
			ResolveRequiredComponents (16ms)
	FinalizeReload (1180ms)
		ReleaseScriptCaches (0ms)
		RebuildScriptCaches (0ms)
		SetupLoadedEditorAssemblies (924ms)
			LogAssemblyErrors (0ms)
			InitializePlatformSupportModulesInManaged (3ms)
			SetLoadedEditorAssemblies (7ms)
			BeforeProcessingInitializeOnLoad (173ms)
			ProcessInitializeOnLoadAttributes (580ms)
			ProcessInitializeOnLoadMethodAttributes (152ms)
			AfterProcessingInitializeOnLoad (8ms)
			EditorAssembliesLoaded (0ms)
		ExecutionOrderSort2 (0ms)
		AwakeInstancesAfterBackupRestoration (22ms)
Refreshing native plugins compatible for Editor in 7.24 ms, found 10 plugins.
Preloading 1 native plugins for Editor in 0.10 ms.
Unloading 30 Unused Serialized files (Serialized files now loaded: 0)
Unloading 7916 unused Assets / (7.5 MB). Loaded Objects now: 8853.
Memory consumption went from 184.0 MB to 176.5 MB.
Total: 20.319700 ms (FindLiveObjects: 1.292600 ms CreateObjectMapping: 3.543700 ms MarkObjects: 9.010700 ms  DeleteObjects: 6.471300 ms)

Prepare: number of updated asset objects reloaded= 0
========================================================================
Received Import Request.
  Time since last request: 4830.349186 seconds.
  path: Assets/Juego/Scenes
  artifactKey: Guid(9c53962885c2c4f449125a979d6ad240) Importer(815301076,1909f56bfc062723c751e8b465ee728b)
Start importing Assets/Juego/Scenes using Guid(9c53962885c2c4f449125a979d6ad240) Importer(815301076,1909f56bfc062723c751e8b465ee728b) (PreviewImporter) -> (artifact id: 'ae1af5c61b2fd4bcacfc65f55f013a75') in 0.068531 seconds
Number of updated asset objects reloaded before import = 1Number of asset objects unloaded after import = 0

========================================================================
Received Import Request.
  Time since last request: 1.020116 seconds.
  path: Assets/Juego/Scenes/EscenaPrincipal.unity
  artifactKey: Guid(99c9720ab356a0642a771bea13969a05) Importer(815301076,1909f56bfc062723c751e8b465ee728b)
Start importing Assets/Juego/Scenes/EscenaPrincipal.unity using Guid(99c9720ab356a0642a771bea13969a05) Importer(815301076,1909f56bfc062723c751e8b465ee728b) (PreviewImporter) -> (artifact id: '2be2a77fdb3c5050913bf3da53f3c15b') in 0.0006581 seconds
Number of updated asset objects reloaded before import = 0Number of asset objects unloaded after import = 0

========================================================================
Received Prepare
Begin MonoManager ReloadAssembly
- Loaded All Assemblies, in  1.046 seconds
Refreshing native plugins compatible for Editor in 5.75 ms, found 10 plugins.
Native extension for WindowsStandalone target not found
[MODES] ModeService[none].Initialize
[MODES] ModeService[none].LoadModes
Mono: successfully reloaded assembly
- Finished resetting the current domain, in  1.333 seconds
Domain Reload Profiling: 2374ms
	BeginReloadAssembly (272ms)
		ExecutionOrderSort (0ms)
		DisableScriptedObjects (19ms)
		BackupInstance (0ms)
		ReleaseScriptingObjects (0ms)
		CreateAndSetChildDomain (71ms)
	RebuildCommonClasses (44ms)
	RebuildNativeTypeToScriptingClass (18ms)
	initialDomainReloadingComplete (35ms)
	LoadAllAssembliesAndSetupDomain (672ms)
		LoadAssemblies (467ms)
		RebuildTransferFunctionScriptingTraits (0ms)
		AnalyzeDomain (328ms)
			TypeCache.Refresh (8ms)
				TypeCache.ScanAssembly (0ms)
			BuildScriptInfoCaches (298ms)
			ResolveRequiredComponents (17ms)
	FinalizeReload (1333ms)
		ReleaseScriptCaches (0ms)
		RebuildScriptCaches (0ms)
		SetupLoadedEditorAssemblies (1061ms)
			LogAssemblyErrors (0ms)
			InitializePlatformSupportModulesInManaged (3ms)
			SetLoadedEditorAssemblies (8ms)
			BeforeProcessingInitializeOnLoad (188ms)
			ProcessInitializeOnLoadAttributes (702ms)
			ProcessInitializeOnLoadMethodAttributes (152ms)
			AfterProcessingInitializeOnLoad (8ms)
			EditorAssembliesLoaded (0ms)
		ExecutionOrderSort2 (0ms)
		AwakeInstancesAfterBackupRestoration (20ms)
Refreshing native plugins compatible for Editor in 7.68 ms, found 10 plugins.
Preloading 1 native plugins for Editor in 0.07 ms.
Unloading 30 Unused Serialized files (Serialized files now loaded: 0)
Unloading 7916 unused Assets / (7.7 MB). Loaded Objects now: 8855.
Memory consumption went from 184.0 MB to 176.3 MB.
Total: 17.433200 ms (FindLiveObjects: 1.252900 ms CreateObjectMapping: 2.284300 ms MarkObjects: 7.949800 ms  DeleteObjects: 5.944700 ms)

Prepare: number of updated asset objects reloaded= 0
========================================================================
Received Import Request.
  Time since last request: 441.872970 seconds.
  path: Assets/Juego/Scenes/Tutorial.unity
  artifactKey: Guid(f7640d53280a6104f9807d769c4ea6a0) Importer(815301076,1909f56bfc062723c751e8b465ee728b)
Start importing Assets/Juego/Scenes/Tutorial.unity using Guid(f7640d53280a6104f9807d769c4ea6a0) Importer(815301076,1909f56bfc062723c751e8b465ee728b) (PreviewImporter) -> (artifact id: 'cc29fcf4d1fc82133fc98ae9736ea56a') in 0.0101145 seconds
Number of updated asset objects reloaded before import = 0Number of asset objects unloaded after import = 0

